<?xml version="1.0" encoding="UTF-8"?>
<testsuite name="Command line test" failures="0" tests="5" time="1.974" errors="0">
  <properties/>
  <testcase name="testPersistWithAuthenticatedUser" time="0.321" classname="com.example.service.JdoGreetingPersistenceTest"/>
  <testcase name="testPersistWithAnonymousUser" time="0.0020" classname="com.example.service.JdoGreetingPersistenceTest"/>
  <testcase name="testLatestGreetingsQuery" time="0.109" classname="com.example.service.JdoGreetingPersistenceTest"/>
  <testcase name="testDelete" time="0.029" classname="com.example.service.JdoGreetingPersistenceTest"/>
  <testcase name="testGuestbookPage" time="0.261" classname="com.example.web.TestGuestbookPage"/>
</testsuite>
