<?xml version="1.0" encoding="UTF-8" ?>
<testsuite failures="0" time="2.066" errors="0" skipped="0" tests="5" name="TestSuite">
  <properties>
[...]
</properties>
  <testcase time="0.305" classname="com.example.service.JdoGreetingPersistenceTest" name="testPersistWithAuthenticatedUser"/>
  <testcase time="0.003" classname="com.example.service.JdoGreetingPersistenceTest" name="testPersistWithAnonymousUser"/>
  <testcase time="0.106" classname="com.example.service.JdoGreetingPersistenceTest" name="testLatestGreetingsQuery"/>
  <testcase time="0.026" classname="com.example.service.JdoGreetingPersistenceTest" name="testDelete"/>
  <testcase time="0.228" classname="com.example.web.TestGuestbookPage" name="testGuestbookPage"/>
</testsuite>